#
# A fatal error has been detected by the Java Runtime Environment:
#
#  EXCEPTION_ACCESS_VIOLATION (0xc0000005) at pc=0x0000000064ac0d60, pid=4464, tid=1624
#
# JRE version: Java(TM) SE Runtime Environment (7.0_65-b19) (build 1.7.0_65-b19)
# Java VM: Java HotSpot(TM) 64-Bit Server VM (24.65-b04 mixed mode windows-amd64 compressed oops)
# Problematic frame:
# V  [jvm.dll+0x40d60]
#
# Failed to write core dump. Minidumps are not enabled by default on client versions of Windows
#
# If you would like to submit a bug report, please visit:
#   http://bugreport.sun.com/bugreport/crash.jsp
#

---------------  T H R E A D  ---------------

Current thread (0x0000000002128000):  GCTaskThread [stack: 0x0000000005a20000,0x0000000005b20000] [id=1624]

siginfo: ExceptionCode=0xc0000005, reading address 0x00000000da797de0

Registers:
RAX=0x0000000000000001, RBX=0x00000000f7ccff90, RCX=0x00000000f7ccff90, RDX=0x00000000da797dd8
RSP=0x0000000005b1f998, RBP=0x0000000000000000, RSI=0x00000000021e7560, RDI=0x00000083000001ff
R8 =0x00000000021e7560, R9 =0x0000000000000000, R10=0x002f00610063006a, R11=0x00000000e006e610
R12=0x0000000065046580, R13=0x0000000000000001, R14=0x0000000000000000, R15=0x00000000021282b0
RIP=0x0000000064ac0d60, EFLAGS=0x0000000000010206

Top of Stack: (sp=0x0000000005b1f998)
0x0000000005b1f998:   0000000064e22c96 00000000f7cd0358
0x0000000005b1f9a8:   0000000000000003 00000000021e7560
0x0000000005b1f9b8:   000000000920d2d0 00000000fe074050
0x0000000005b1f9c8:   0000000064e233a4 00000000e006d6c8
0x0000000005b1f9d8:   0000000000000400 0000000000000000
0x0000000005b1f9e8:   0000000002125201 0000000065046580
0x0000000005b1f9f8:   0000000064e23020 00000000e006e5dc
0x0000000005b1fa08:   0000000000000000 00000000021e7560
0x0000000005b1fa18:   00000083000001ff 00000000e006e5dc
0x0000000005b1fa28:   0000000064e23a65 0000000000000001
0x0000000005b1fa38:   0000000065046580 00000000e006dec8
0x0000000005b1fa48:   0000000064e22f2e 00000083000001ff
0x0000000005b1fa58:   0000000000000004 00000000021e7560
0x0000000005b1fa68:   00000083000001ff 0000020f0000005d
0x0000000005b1fa78:   00000082000001ff 00000000021fd5a0
0x0000000005b1fa88:   0000000064c566b2 00000000021282a0 

Instructions: (pc=0x0000000064ac0d60)
0x0000000064ac0d40:   0d 44 0f b7 c0 48 83 c1 40 e8 62 4e 51 00 48 83
0x0000000064ac0d50:   c4 28 c3 cc cc cc cc cc cc cc cc cc cc cc cc cc
0x0000000064ac0d60:   44 8b 42 08 4c 8b ca 45 85 c0 7e 0e 41 f6 c0 01
0x0000000064ac0d70:   75 57 41 c1 f8 03 41 8b c0 c3 79 4d 80 3d 15 32 


Register to memory mapping:

RAX=0x0000000000000001 is an unknown value
RBX=0x00000000f7ccff90 is an unknown value
RCX=0x00000000f7ccff90 is an unknown value
RDX=0x00000000da797dd8 is an unknown value
RSP=0x0000000005b1f998 is an unknown value
RBP=0x0000000000000000 is an unknown value
RSI=0x00000000021e7560 is an unknown value
RDI=0x00000083000001ff is an unknown value
R8 =0x00000000021e7560 is an unknown value
R9 =0x0000000000000000 is an unknown value
R10=0x002f00610063006a is an unknown value
R11=0x00000000e006e610 is an oop
[C 
 - klass: {type array char}
 - length: 28
R12=0x0000000065046580 is an unknown value
R13=0x0000000000000001 is an unknown value
R14=0x0000000000000000 is an unknown value
R15=0x00000000021282b0 is an unknown value


Stack: [0x0000000005a20000,0x0000000005b20000],  sp=0x0000000005b1f998,  free space=1022k
Native frames: (J=compiled Java code, j=interpreted, Vv=VM code, C=native code)
V  [jvm.dll+0x40d60]

[error occurred during error reporting (printing native stack), id 0xc0000005]


---------------  P R O C E S S  ---------------

Java Threads: ( => current thread )
  0x0000000006f72000 JavaThread "Monitor Ctrl-Break" daemon [_thread_in_native, id=5920, stack(0x00000000087a0000,0x00000000088a0000)]
  0x0000000006f4c800 JavaThread "Service Thread" daemon [_thread_blocked, id=5880, stack(0x0000000008480000,0x0000000008580000)]
  0x0000000006f47800 JavaThread "C2 CompilerThread1" daemon [_thread_blocked, id=5208, stack(0x0000000008230000,0x0000000008330000)]
  0x0000000006f2f000 JavaThread "C2 CompilerThread0" daemon [_thread_blocked, id=6048, stack(0x0000000008090000,0x0000000008190000)]
  0x0000000006f2d800 JavaThread "Attach Listener" daemon [_thread_blocked, id=5364, stack(0x0000000007f00000,0x0000000008000000)]
  0x0000000006f2c000 JavaThread "Signal Dispatcher" daemon [_thread_blocked, id=4392, stack(0x0000000007bb0000,0x0000000007cb0000)]
  0x0000000006eda000 JavaThread "Finalizer" daemon [_thread_blocked, id=2764, stack(0x0000000007d40000,0x0000000007e40000)]
  0x00000000021ea800 JavaThread "Reference Handler" daemon [_thread_blocked, id=1396, stack(0x0000000007a80000,0x0000000007b80000)]
  0x00000000021fe000 JavaThread "main" [_thread_blocked, id=5140, stack(0x0000000002400000,0x0000000002500000)]

Other Threads:
  0x0000000006ed2800 VMThread [stack: 0x0000000007950000,0x0000000007a50000] [id=348]
  0x0000000006f5f000 WatcherThread [stack: 0x0000000008590000,0x0000000008690000] [id=4656]

=>0x0000000002128000 (exited) GCTaskThread [stack: 0x0000000005a20000,0x0000000005b20000] [id=1624]

VM state:at safepoint (normal execution)

VM Mutex/Monitor currently owned by a thread:  ([mutex/lock_event])
[0x00000000021fc3a0] Threads_lock - owner thread: 0x0000000006ed2800
[0x00000000021fc8a0] Heap_lock - owner thread: 0x00000000021fe000

Heap
 PSYoungGen      total 142848K, used 125305K [0x00000000f5500000, 0x00000000feb00000, 0x0000000100000000)
  eden space 132096K, 88% used [0x00000000f5500000,0x00000000fc6e9348,0x00000000fd600000)
  from space 10752K, 80% used [0x00000000fe080000,0x00000000fe8f5118,0x00000000feb00000)
  to   space 10752K, 99% used [0x00000000fd600000,0x00000000fe07c050,0x00000000fe080000)
 ParOldGen       total 175104K, used 2045K [0x00000000e0000000, 0x00000000eab00000, 0x00000000f5500000)
  object space 175104K, 1% used [0x00000000e0000000,0x00000000e02016c8,0x00000000eab00000)
 PSPermGen       total 21504K, used 20758K [0x00000000dae00000, 0x00000000dc300000, 0x00000000e0000000)
  object space 21504K, 96% used [0x00000000dae00000,0x00000000dc245a88,0x00000000dc300000)

Card table byte_map: [0x0000000005500000,0x0000000005630000] byte_map_base: 0x0000000004e29000

Polling page: 0x0000000000130000

Code Cache  [0x0000000002500000, 0x0000000002770000, 0x0000000005500000)
 total_blobs=833 nmethods=508 adapters=278 free_code_cache=47487Kb largest_free_block=48519424

Compilation events (10 events):
Event: 6.761 Thread 0x0000000006f2f000 nmethod 533 0x0000000002619dd0 code [0x0000000002619f00, 0x0000000002619f58]
Event: 6.764 Thread 0x0000000006f47800  534   !         java.util.AbstractMap::equals (145 bytes)
Event: 6.765 Thread 0x0000000006f2f000  535             java.util.regex.Pattern$CharProperty::match (56 bytes)
Event: 6.769 Thread 0x0000000006f2f000 nmethod 535 0x0000000002648e10 code [0x0000000002648fa0, 0x0000000002649338]
Event: 6.772 Thread 0x0000000006f2f000  536             org.apache.maven.model.Plugin::getVersion (5 bytes)
Event: 6.772 Thread 0x0000000006f2f000 nmethod 536 0x0000000002648c10 code [0x0000000002648d40, 0x0000000002648d98]
Event: 6.783 Thread 0x0000000006f2f000  537             org.eclipse.aether.graph.DefaultDependencyNode::getDependency (5 bytes)
Event: 6.784 Thread 0x0000000006f2f000 nmethod 537 0x00000000026602d0 code [0x0000000002660400, 0x0000000002660458]
Event: 6.788 Thread 0x0000000006f47800 nmethod 534 0x0000000002582c90 code [0x0000000002582ee0, 0x0000000002583e30]
Event: 6.812 Thread 0x0000000006f2f000  538             org.eclipse.sisu.plexus.RealmFilter$FilteredItr::hasNext (81 bytes)

GC Heap History (5 events):
Event: 1.376 GC heap before
{Heap before GC invocations=1 (full 0):
 PSYoungGen      total 76800K, used 66048K [0x00000000f5500000, 0x00000000faa80000, 0x0000000100000000)
  eden space 66048K, 100% used [0x00000000f5500000,0x00000000f9580000,0x00000000f9580000)
  from space 10752K, 0% used [0x00000000fa000000,0x00000000fa000000,0x00000000faa80000)
  to   space 10752K, 0% used [0x00000000f9580000,0x00000000f9580000,0x00000000fa000000)
 ParOldGen       total 175104K, used 0K [0x00000000e0000000, 0x00000000eab00000, 0x00000000f5500000)
  object space 175104K, 0% used [0x00000000e0000000,0x00000000e0000000,0x00000000eab00000)
 PSPermGen       total 21504K, used 11872K [0x00000000dae00000, 0x00000000dc300000, 0x00000000e0000000)
  object space 21504K, 55% used [0x00000000dae00000,0x00000000db998040,0x00000000dc300000)
Event: 1.393 GC heap after
Heap after GC invocations=1 (full 0):
 PSYoungGen      total 76800K, used 9346K [0x00000000f5500000, 0x00000000feb00000, 0x0000000100000000)
  eden space 66048K, 0% used [0x00000000f5500000,0x00000000f5500000,0x00000000f9580000)
  from space 10752K, 86% used [0x00000000f9580000,0x00000000f9ea0bc8,0x00000000fa000000)
  to   space 10752K, 0% used [0x00000000fe080000,0x00000000fe080000,0x00000000feb00000)
 ParOldGen       total 175104K, used 8K [0x00000000e0000000, 0x00000000eab00000, 0x00000000f5500000)
  object space 175104K, 0% used [0x00000000e0000000,0x00000000e0002000,0x00000000eab00000)
 PSPermGen       total 21504K, used 11872K [0x00000000dae00000, 0x00000000dc300000, 0x00000000e0000000)
  object space 21504K, 55% used [0x00000000dae00000,0x00000000db998040,0x00000000dc300000)
}
Event: 2.866 GC heap before
{Heap before GC invocations=2 (full 0):
 PSYoungGen      total 76800K, used 75394K [0x00000000f5500000, 0x00000000feb00000, 0x0000000100000000)
  eden space 66048K, 100% used [0x00000000f5500000,0x00000000f9580000,0x00000000f9580000)
  from space 10752K, 86% used [0x00000000f9580000,0x00000000f9ea0bc8,0x00000000fa000000)
  to   space 10752K, 0% used [0x00000000fe080000,0x00000000fe080000,0x00000000feb00000)
 ParOldGen       total 175104K, used 8K [0x00000000e0000000, 0x00000000eab00000, 0x00000000f5500000)
  object space 175104K, 0% used [0x00000000e0000000,0x00000000e0002000,0x00000000eab00000)
 PSPermGen       total 21504K, used 14400K [0x00000000dae00000, 0x00000000dc300000, 0x00000000e0000000)
  object space 21504K, 66% used [0x00000000dae00000,0x00000000dbc10080,0x00000000dc300000)
Event: 2.886 GC heap after
Heap after GC invocations=2 (full 0):
 PSYoungGen      total 142848K, used 8660K [0x00000000f5500000, 0x00000000feb00000, 0x0000000100000000)
  eden space 132096K, 0% used [0x00000000f5500000,0x00000000f5500000,0x00000000fd600000)
  from space 10752K, 80% used [0x00000000fe080000,0x00000000fe8f5118,0x00000000feb00000)
  to   space 10752K, 0% used [0x00000000fd600000,0x00000000fd600000,0x00000000fe080000)
 ParOldGen       total 175104K, used 8K [0x00000000e0000000, 0x00000000eab00000, 0x00000000f5500000)
  object space 175104K, 0% used [0x00000000e0000000,0x00000000e0002000,0x00000000eab00000)
 PSPermGen       total 21504K, used 14400K [0x00000000dae00000, 0x00000000dc300000, 0x00000000e0000000)
  object space 21504K, 66% used [0x00000000dae00000,0x00000000dbc10080,0x00000000dc300000)
}
Event: 6.884 GC heap before
{Heap before GC invocations=3 (full 0):
 PSYoungGen      total 142848K, used 125305K [0x00000000f5500000, 0x00000000feb00000, 0x0000000100000000)
  eden space 132096K, 88% used [0x00000000f5500000,0x00000000fc6e9348,0x00000000fd600000)
  from space 10752K, 80% used [0x00000000fe080000,0x00000000fe8f5118,0x00000000feb00000)
  to   space 10752K, 0% used [0x00000000fd600000,0x00000000fd600000,0x00000000fe080000)
 ParOldGen       total 175104K, used 8K [0x00000000e0000000, 0x00000000eab00000, 0x00000000f5500000)
  object space 175104K, 0% used [0x00000000e0000000,0x00000000e0002000,0x00000000eab00000)
 PSPermGen       total 21504K, used 20758K [0x00000000dae00000, 0x00000000dc300000, 0x00000000e0000000)
  object space 21504K, 96% used [0x00000000dae00000,0x00000000dc245a88,0x00000000dc300000)

Deoptimization events (10 events):
Event: 4.401 Thread 0x00000000021fe000 Uncommon trap: reason=bimorphic action=maybe_recompile pc=0x00000000025d7b1c method=java.util.regex.Pattern$CharProperty.match(Ljava/util/regex/Matcher;ILjava/lang/CharSequence;)Z @ 37
Event: 4.481 Thread 0x00000000021fe000 Uncommon trap: reason=null_check action=make_not_entrant pc=0x0000000002686d84 method=org.eclipse.sisu.inject.RankedSequence.topRank()I @ 4
Event: 4.536 Thread 0x00000000021fe000 Uncommon trap: reason=unreached action=reinterpret pc=0x00000000025aa388 method=java.util.HashMap.put(Ljava/lang/Object;Ljava/lang/Object;)Ljava/lang/Object; @ 19
Event: 4.585 Thread 0x00000000021fe000 Uncommon trap: reason=bimorphic action=maybe_recompile pc=0x00000000025d5ef8 method=java.util.HashMap.<init>(IF)V @ 115
Event: 4.586 Thread 0x00000000021fe000 Uncommon trap: reason=bimorphic action=maybe_recompile pc=0x00000000025d5ef8 method=java.util.HashMap.<init>(IF)V @ 115
Event: 6.744 Thread 0x00000000021fe000 Uncommon trap: reason=class_check action=maybe_recompile pc=0x00000000025ed2b0 method=java.util.Hashtable.get(Ljava/lang/Object;)Ljava/lang/Object; @ 46
Event: 6.744 Thread 0x00000000021fe000 Uncommon trap: reason=class_check action=maybe_recompile pc=0x00000000025ed2b0 method=java.util.Hashtable.get(Ljava/lang/Object;)Ljava/lang/Object; @ 46
Event: 6.744 Thread 0x00000000021fe000 Uncommon trap: reason=class_check action=maybe_recompile pc=0x00000000025ed2b0 method=java.util.Hashtable.get(Ljava/lang/Object;)Ljava/lang/Object; @ 46
Event: 6.744 Thread 0x00000000021fe000 Uncommon trap: reason=class_check action=maybe_recompile pc=0x00000000025ed2b0 method=java.util.Hashtable.get(Ljava/lang/Object;)Ljava/lang/Object; @ 46
Event: 6.757 Thread 0x00000000021fe000 Uncommon trap: reason=null_check action=make_not_entrant pc=0x00000000026b2b20 method=org.eclipse.sisu.inject.RankedSequence$Itr.peekNextRank()I @ 22

Internal exceptions (10 events):
Event: 6.821 Thread 0x00000000021fe000 Threw 0x00000000fc56f0d8 at C:\re\jdk7u65\1313\hotspot\src\share\vm\prims\jvm.cpp:1244
Event: 6.821 Thread 0x00000000021fe000 Threw 0x00000000fc56fb20 at C:\re\jdk7u65\1313\hotspot\src\share\vm\prims\jvm.cpp:1244
Event: 6.822 Thread 0x00000000021fe000 Threw 0x00000000fc575238 at C:\re\jdk7u65\1313\hotspot\src\share\vm\prims\jvm.cpp:1244
Event: 6.822 Thread 0x00000000021fe000 Threw 0x00000000fc575b18 at C:\re\jdk7u65\1313\hotspot\src\share\vm\prims\jvm.cpp:1244
Event: 6.869 Thread 0x00000000021fe000 Threw 0x00000000fc5870d0 at C:\re\jdk7u65\1313\hotspot\src\share\vm\prims\jvm.cpp:1244
Event: 6.869 Thread 0x00000000021fe000 Threw 0x00000000fc5879c8 at C:\re\jdk7u65\1313\hotspot\src\share\vm\prims\jvm.cpp:1244
Event: 6.880 Thread 0x00000000021fe000 Threw 0x00000000fc5aec10 at C:\re\jdk7u65\1313\hotspot\src\share\vm\prims\jvm.cpp:1244
Event: 6.880 Thread 0x00000000021fe000 Threw 0x00000000fc5af4f0 at C:\re\jdk7u65\1313\hotspot\src\share\vm\prims\jvm.cpp:1244
Event: 6.881 Thread 0x00000000021fe000 Threw 0x00000000fc5ba6c0 at C:\re\jdk7u65\1313\hotspot\src\share\vm\prims\jvm.cpp:1244
Event: 6.881 Thread 0x00000000021fe000 Threw 0x00000000fc5bb0c8 at C:\re\jdk7u65\1313\hotspot\src\share\vm\prims\jvm.cpp:1244

Events (10 events):
Event: 6.821 loading class 0x0000000009b6d240 done
Event: 6.821 loading class 0x000000000936dc60
Event: 6.822 loading class 0x000000000936dc60 done
Event: 6.869 loading class 0x00000000091ea160
Event: 6.869 loading class 0x00000000091ea160 done
Event: 6.880 loading class 0x0000000008d5cc30
Event: 6.880 loading class 0x0000000008d5cc30 done
Event: 6.881 loading class 0x0000000009445df0
Event: 6.881 loading class 0x0000000009445df0 done
Event: 6.884 Executing VM operation: ParallelGCSystemGC


Dynamic libraries:
0x000000013fcc0000 - 0x000000013fcf3000 	C:\Program Files\Java\jdk1.7.0_65\bin\java.exe
0x0000000076d80000 - 0x0000000076f2b000 	C:\Windows\SYSTEM32\ntdll.dll
0x0000000076c60000 - 0x0000000076d7f000 	C:\Windows\system32\kernel32.dll
0x000007fefd000000 - 0x000007fefd06b000 	C:\Windows\system32\KERNELBASE.dll
0x000007fefd0b0000 - 0x000007fefd18b000 	C:\Windows\system32\ADVAPI32.dll
0x000007fefe040000 - 0x000007fefe0df000 	C:\Windows\system32\msvcrt.dll
0x000007fefdfd0000 - 0x000007fefdfef000 	C:\Windows\SYSTEM32\sechost.dll
0x000007fefecc0000 - 0x000007fefedee000 	C:\Windows\system32\RPCRT4.dll
0x0000000076b60000 - 0x0000000076c5a000 	C:\Windows\system32\USER32.dll
0x000007fefe8c0000 - 0x000007fefe927000 	C:\Windows\system32\GDI32.dll
0x000007fefdfc0000 - 0x000007fefdfce000 	C:\Windows\system32\LPK.dll
0x000007fefe7f0000 - 0x000007fefe8ba000 	C:\Windows\system32\USP10.dll
0x000007fefb620000 - 0x000007fefb814000 	C:\Windows\WinSxS\amd64_microsoft.windows.common-controls_6595b64144ccf1df_6.0.7600.16385_none_fa645303170382f6\COMCTL32.dll
0x000007fefe3b0000 - 0x000007fefe421000 	C:\Windows\system32\SHLWAPI.dll
0x000007fefe5e0000 - 0x000007fefe60e000 	C:\Windows\system32\IMM32.DLL
0x000007fefeea0000 - 0x000007fefefa9000 	C:\Windows\system32\MSCTF.dll
0x000000006f670000 - 0x000000006f742000 	C:\Program Files\Java\jdk1.7.0_65\jre\bin\msvcr100.dll
0x0000000064a80000 - 0x0000000065252000 	C:\Program Files\Java\jdk1.7.0_65\jre\bin\server\jvm.dll
0x000007fef1ae0000 - 0x000007fef1ae9000 	C:\Windows\system32\WSOCK32.dll
0x000007fefdff0000 - 0x000007fefe03d000 	C:\Windows\system32\WS2_32.dll
0x000007fefedf0000 - 0x000007fefedf8000 	C:\Windows\system32\NSI.dll
0x000007fef95c0000 - 0x000007fef95fb000 	C:\Windows\system32\WINMM.dll
0x0000000076f40000 - 0x0000000076f47000 	C:\Windows\system32\PSAPI.DLL
0x000000006fd10000 - 0x000000006fd1f000 	C:\Program Files\Java\jdk1.7.0_65\jre\bin\verify.dll
0x000000006fce0000 - 0x000000006fd08000 	C:\Program Files\Java\jdk1.7.0_65\jre\bin\java.dll
0x000000006fcc0000 - 0x000000006fcd5000 	C:\Program Files\Java\jdk1.7.0_65\jre\bin\zip.dll
0x000007fef8d50000 - 0x000007fef8d60000 	C:\Program Files (x86)\JetBrains\IntelliJ IDEA 13.1.3\bin\breakgen64.dll
0x000000006fca0000 - 0x000000006fcb9000 	C:\Program Files\Java\jdk1.7.0_65\jre\bin\net.dll
0x000007fefc510000 - 0x000007fefc564000 	C:\Windows\system32\mswsock.dll
0x000007fefc500000 - 0x000007fefc507000 	C:\Windows\System32\wship6.dll
0x000000006fc80000 - 0x000000006fc91000 	C:\Program Files\Java\jdk1.7.0_65\jre\bin\nio.dll
0x000007feea870000 - 0x000007feea995000 	C:\Windows\system32\dbghelp.dll

VM Arguments:
jvm_args: -Xms256m -Xmx512m -Dmaven.home=C:\Users\nguyennd\Downloads\apache-maven-3.2.2-bin\apache-maven-3.2.2 -Dclassworlds.conf=C:\Users\nguyennd\Downloads\apache-maven-3.2.2-bin\apache-maven-3.2.2\bin\m2.conf -Didea.launcher.port=7535 -Didea.launcher.bin.path=C:\Program Files (x86)\JetBrains\IntelliJ IDEA 13.1.3\bin -Dfile.encoding=UTF-8 
java_command: com.intellij.rt.execution.application.AppMain org.codehaus.classworlds.Launcher -Didea.version=13.1.3 -DskipTests=true install
Launcher Type: SUN_STANDARD

Environment Variables:
JAVA_HOME=C:\Program Files\Java\jdk1.7.0_65
PATH=C:\Windows\system32;C:\Windows;C:\Windows\System32\Wbem;C:\Windows\System32\WindowsPowerShell\v1.0\;E:\xampp\php\;C:\Python27;C:\Python27\Scripts;C:\cygwin64\bin;C:\OpenSSL-Win64\bin;C:\Program Files\cURL\bin;C:\Program Files\Java\jdk1.7.0_65\bin;C:\Users\nguyennd\Downloads\apache-maven-3.2.2-bin\apache-maven-3.2.2\bin;C:\Program Files\TortoiseGit\bin
USERNAME=nguyennd
OS=Windows_NT
PROCESSOR_IDENTIFIER=Intel64 Family 6 Model 23 Stepping 10, GenuineIntel



---------------  S Y S T E M  ---------------

OS: Windows 7 , 64 bit Build 7600 

CPU:total 2 (2 cores per cpu, 1 threads per core) family 6 model 23 stepping 10, cmov, cx8, fxsr, mmx, sse, sse2, sse3, ssse3, sse4.1, tsc

Memory: 4k page, physical 8352888k(3944024k free), swap 16703880k(11155352k free)

vm_info: Java HotSpot(TM) 64-Bit Server VM (24.65-b04) for windows-amd64 JRE (1.7.0_65-b19), built on Jul  9 2014 17:47:07 by "java_re" with unknown MS VC++:1600

time: Mon Jul 21 12:07:57 2014
elapsed time: 6 seconds

