#
# A fatal error has been detected by the Java Runtime Environment:
#
#  EXCEPTION_ACCESS_VIOLATION (0xc0000005) at pc=0x0000000069fa0d60, pid=3748, tid=3648
#
# JRE version: Java(TM) SE Runtime Environment (7.0_65-b19) (build 1.7.0_65-b19)
# Java VM: Java HotSpot(TM) 64-Bit Server VM (24.65-b04 mixed mode windows-amd64 compressed oops)
# Problematic frame:
# V  [jvm.dll+0x40d60]
#
# Failed to write core dump. Minidumps are not enabled by default on client versions of Windows
#
# If you would like to submit a bug report, please visit:
#   http://bugreport.sun.com/bugreport/crash.jsp
#

---------------  T H R E A D  ---------------

Current thread (0x0000000002026000):  GCTaskThread [stack: 0x00000000055e0000,0x00000000056e0000] [id=3648]

siginfo: ExceptionCode=0xc0000005, reading address 0x00000000da601528

Registers:
RAX=0x0000000005990000, RBX=0x00000000db273a18, RCX=0x00000000db273a18, RDX=0x00000000da601520
RSP=0x00000000056df428, RBP=0x00000000020e6ea0, RSI=0x00000000db26ef58, RDI=0x00000000db273a18
R8 =0x000000000000239d, R9 =0x00000000020e6ea0, R10=0x0000000000000079, R11=0x00000000db273860
R12=0x00000000db26f058, R13=0x0000000000000060, R14=0x00000000db26eec8, R15=0x0000000000000060
RIP=0x0000000069fa0d60, EFLAGS=0x0000000000010202

Top of Stack: (sp=0x00000000056df428)
0x00000000056df428:   000000006a0327cb 00000000db273860
0x00000000056df438:   00000000020e6ea0 00000000db26ef54
0x00000000056df448:   0000000000000010 00000000db273a18
0x00000000056df458:   000000006a075fea 000000000000005c
0x00000000056df468:   000000006a053a47 000000000000005c
0x00000000056df478:   00000000dae00280 00000000020e6ea0
0x00000000056df488:   000000006a0762dd 0000000000000000
0x00000000056df498:   00000000000083b0 0000000008a64e68
0x00000000056df4a8:   00000000db26eec8 000000000000005c
0x00000000056df4b8:   000000006a2f91dc 00000000020e6ea0
0x00000000056df4c8:   0000000002025200 0000000008a634f0
0x00000000056df4d8:   0000000002025200 0000001200000000
0x00000000056df4e8:   0000000000000c00 0000000000000000
0x00000000056df4f8:   0000000000000000 0000000008a64e00
0x00000000056df508:   00000000021ce000 00000000056df501
0x00000000056df518:   0000000008a64e68 0000000002026960 

Instructions: (pc=0x0000000069fa0d60)
0x0000000069fa0d40:   0d 44 0f b7 c0 48 83 c1 40 e8 62 4e 51 00 48 83
0x0000000069fa0d50:   c4 28 c3 cc cc cc cc cc cc cc cc cc cc cc cc cc
0x0000000069fa0d60:   44 8b 42 08 4c 8b ca 45 85 c0 7e 0e 41 f6 c0 01
0x0000000069fa0d70:   75 57 41 c1 f8 03 41 8b c0 c3 79 4d 80 3d 15 32 


Register to memory mapping:

RAX=0x0000000005990000 is an unknown value
RBX=
[error occurred during error reporting (printing register info), id 0xc0000005]

Stack: [0x00000000055e0000,0x00000000056e0000],  sp=0x00000000056df428,  free space=1021k
Native frames: (J=compiled Java code, j=interpreted, Vv=VM code, C=native code)
V  [jvm.dll+0x40d60]


---------------  P R O C E S S  ---------------

Java Threads: ( => current thread )
  0x0000000006de3000 JavaThread "Monitor Ctrl-Break" daemon [_thread_in_native, id=3972, stack(0x0000000008470000,0x0000000008570000)]
  0x0000000006da5800 JavaThread "Service Thread" daemon [_thread_blocked, id=5744, stack(0x0000000008070000,0x0000000008170000)]
  0x0000000006da2800 JavaThread "C2 CompilerThread1" daemon [_thread_blocked, id=5380, stack(0x0000000008170000,0x0000000008270000)]
  0x0000000006d9c800 JavaThread "C2 CompilerThread0" daemon [_thread_blocked, id=3708, stack(0x0000000007c80000,0x0000000007d80000)]
  0x0000000006d9b000 JavaThread "Attach Listener" daemon [_thread_blocked, id=4924, stack(0x0000000007f60000,0x0000000008060000)]
  0x0000000006d9a000 JavaThread "Signal Dispatcher" daemon [_thread_blocked, id=5984, stack(0x0000000007e20000,0x0000000007f20000)]
  0x0000000006d44000 JavaThread "Finalizer" daemon [_thread_blocked, id=4980, stack(0x0000000007b80000,0x0000000007c80000)]
  0x00000000020ea800 JavaThread "Reference Handler" daemon [_thread_blocked, id=5864, stack(0x0000000007810000,0x0000000007910000)]
  0x00000000021ce000 JavaThread "main" [_thread_blocked, id=5372, stack(0x00000000022e0000,0x00000000023e0000)]

Other Threads:
  0x0000000006d42800 VMThread [stack: 0x0000000007950000,0x0000000007a50000] [id=5148]
  0x0000000006dbb000 WatcherThread [stack: 0x0000000008330000,0x0000000008430000] [id=5880]

=>0x0000000002026000 (exited) GCTaskThread [stack: 0x00000000055e0000,0x00000000056e0000] [id=3648]

VM state:at safepoint (normal execution)

VM Mutex/Monitor currently owned by a thread:  ([mutex/lock_event])
[0x00000000021cc3a0] Threads_lock - owner thread: 0x0000000006d42800
[0x00000000021cc8a0] Heap_lock - owner thread: 0x00000000021ce000

Heap
 PSYoungGen      total 142848K, used 5286K [0x00000000f5500000, 0x00000000feb00000, 0x0000000100000000)
  eden space 132096K, 0% used [0x00000000f5500000,0x00000000f5500000,0x00000000fd600000)
  from space 10752K, 49% used [0x00000000fe080000,0x00000000fe5a9898,0x00000000feb00000)
  to   space 10752K, 0% used [0x00000000fd600000,0x00000000fd600000,0x00000000fe080000)
 ParOldGen       total 175104K, used 8K [0x00000000e0000000, 0x00000000eab00000, 0x00000000f5500000)
  object space 175104K, 0% used [0x00000000e0000000,0x00000000e0002000,0x00000000eab00000)
 PSPermGen       total 21504K, used 13908K [0x00000000dae00000, 0x00000000dc300000, 0x00000000e0000000)
  object space 21504K, 64% used [0x00000000dae00000,0x00000000dbb952c8,0x00000000dc300000)

Card table byte_map: [0x00000000053e0000,0x0000000005510000] byte_map_base: 0x0000000004d09000

Polling page: 0x0000000000450000

Code Cache  [0x00000000023e0000, 0x0000000002650000, 0x00000000053e0000)
 total_blobs=463 nmethods=172 adapters=244 free_code_cache=48301Kb largest_free_block=49437184

Compilation events (10 events):
Event: 1.790 Thread 0x0000000006da2800  168             java.lang.reflect.Method::getReturnType (5 bytes)
Event: 1.790 Thread 0x0000000006da2800 nmethod 168 0x000000000249f010 code [0x000000000249f140, 0x000000000249f198]
Event: 1.792 Thread 0x0000000006da2800  169             java.lang.Class::copyMethods (36 bytes)
Event: 1.798 Thread 0x0000000006da2800 nmethod 169 0x00000000024a3450 code [0x00000000024a35e0, 0x00000000024a3a48]
Event: 1.831 Thread 0x0000000006da2800  170             java.io.Win32FileSystem::normalize (143 bytes)
Event: 1.835 Thread 0x0000000006da2800 nmethod 170 0x00000000024a2d90 code [0x00000000024a2f00, 0x00000000024a31f0]
Event: 1.847 Thread 0x0000000006d9c800  171             java.util.Arrays::fill (21 bytes)
Event: 1.849 Thread 0x0000000006d9c800 nmethod 171 0x000000000249ec50 code [0x000000000249ed80, 0x000000000249ef38]
Event: 1.874 Thread 0x0000000006da2800  172 %           java.util.Arrays::fill @ 5 (21 bytes)
Event: 1.878 Thread 0x0000000006da2800 nmethod 172% 0x000000000249e790 code [0x000000000249e8e0, 0x000000000249eb58]

GC Heap History (5 events):
Event: 1.425 GC heap before
{Heap before GC invocations=1 (full 0):
 PSYoungGen      total 76800K, used 66048K [0x00000000f5500000, 0x00000000faa80000, 0x0000000100000000)
  eden space 66048K, 100% used [0x00000000f5500000,0x00000000f9580000,0x00000000f9580000)
  from space 10752K, 0% used [0x00000000fa000000,0x00000000fa000000,0x00000000faa80000)
  to   space 10752K, 0% used [0x00000000f9580000,0x00000000f9580000,0x00000000fa000000)
 ParOldGen       total 175104K, used 0K [0x00000000e0000000, 0x00000000eab00000, 0x00000000f5500000)
  object space 175104K, 0% used [0x00000000e0000000,0x00000000e0000000,0x00000000eab00000)
 PSPermGen       total 21504K, used 12005K [0x00000000dae00000, 0x00000000dc300000, 0x00000000e0000000)
  object space 21504K, 55% used [0x00000000dae00000,0x00000000db9b9520,0x00000000dc300000)
Event: 1.445 GC heap after
Heap after GC invocations=1 (full 0):
 PSYoungGen      total 76800K, used 9604K [0x00000000f5500000, 0x00000000feb00000, 0x0000000100000000)
  eden space 66048K, 0% used [0x00000000f5500000,0x00000000f5500000,0x00000000f9580000)
  from space 10752K, 89% used [0x00000000f9580000,0x00000000f9ee1340,0x00000000fa000000)
  to   space 10752K, 0% used [0x00000000fe080000,0x00000000fe080000,0x00000000feb00000)
 ParOldGen       total 175104K, used 8K [0x00000000e0000000, 0x00000000eab00000, 0x00000000f5500000)
  object space 175104K, 0% used [0x00000000e0000000,0x00000000e0002000,0x00000000eab00000)
 PSPermGen       total 21504K, used 12005K [0x00000000dae00000, 0x00000000dc300000, 0x00000000e0000000)
  object space 21504K, 55% used [0x00000000dae00000,0x00000000db9b9520,0x00000000dc300000)
}
Event: 1.878 GC heap before
{Heap before GC invocations=2 (full 0):
 PSYoungGen      total 76800K, used 26648K [0x00000000f5500000, 0x00000000feb00000, 0x0000000100000000)
  eden space 66048K, 25% used [0x00000000f5500000,0x00000000f65a4da0,0x00000000f9580000)
  from space 10752K, 89% used [0x00000000f9580000,0x00000000f9ee1340,0x00000000fa000000)
  to   space 10752K, 0% used [0x00000000fe080000,0x00000000fe080000,0x00000000feb00000)
 ParOldGen       total 175104K, used 8K [0x00000000e0000000, 0x00000000eab00000, 0x00000000f5500000)
  object space 175104K, 0% used [0x00000000e0000000,0x00000000e0002000,0x00000000eab00000)
 PSPermGen       total 21504K, used 13908K [0x00000000dae00000, 0x00000000dc300000, 0x00000000e0000000)
  object space 21504K, 64% used [0x00000000dae00000,0x00000000dbb952c8,0x00000000dc300000)
Event: 1.896 GC heap after
Heap after GC invocations=2 (full 0):
 PSYoungGen      total 142848K, used 5286K [0x00000000f5500000, 0x00000000feb00000, 0x0000000100000000)
  eden space 132096K, 0% used [0x00000000f5500000,0x00000000f5500000,0x00000000fd600000)
  from space 10752K, 49% used [0x00000000fe080000,0x00000000fe5a9898,0x00000000feb00000)
  to   space 10752K, 0% used [0x00000000fd600000,0x00000000fd600000,0x00000000fe080000)
 ParOldGen       total 175104K, used 8K [0x00000000e0000000, 0x00000000eab00000, 0x00000000f5500000)
  object space 175104K, 0% used [0x00000000e0000000,0x00000000e0002000,0x00000000eab00000)
 PSPermGen       total 21504K, used 13908K [0x00000000dae00000, 0x00000000dc300000, 0x00000000e0000000)
  object space 21504K, 64% used [0x00000000dae00000,0x00000000dbb952c8,0x00000000dc300000)
}
Event: 1.896 GC heap before
{Heap before GC invocations=3 (full 1):
 PSYoungGen      total 142848K, used 5286K [0x00000000f5500000, 0x00000000feb00000, 0x0000000100000000)
  eden space 132096K, 0% used [0x00000000f5500000,0x00000000f5500000,0x00000000fd600000)
  from space 10752K, 49% used [0x00000000fe080000,0x00000000fe5a9898,0x00000000feb00000)
  to   space 10752K, 0% used [0x00000000fd600000,0x00000000fd600000,0x00000000fe080000)
 ParOldGen       total 175104K, used 8K [0x00000000e0000000, 0x00000000eab00000, 0x00000000f5500000)
  object space 175104K, 0% used [0x00000000e0000000,0x00000000e0002000,0x00000000eab00000)
 PSPermGen       total 21504K, used 13908K [0x00000000dae00000, 0x00000000dc300000, 0x00000000e0000000)
  object space 21504K, 64% used [0x00000000dae00000,0x00000000dbb952c8,0x00000000dc300000)

Deoptimization events (10 events):
Event: 1.488 Thread 0x00000000021ce000 Uncommon trap: reason=class_check action=maybe_recompile pc=0x000000000248e4d0 method=java.util.Properties$LineReader.readLine()I @ 402
Event: 1.628 Thread 0x00000000021ce000 Uncommon trap: reason=bimorphic action=maybe_recompile pc=0x000000000248e50c method=java.util.Properties$LineReader.readLine()I @ 62
Event: 1.629 Thread 0x00000000021ce000 Uncommon trap: reason=bimorphic action=maybe_recompile pc=0x000000000248e50c method=java.util.Properties$LineReader.readLine()I @ 62
Event: 1.643 Thread 0x00000000021ce000 Uncommon trap: reason=bimorphic action=maybe_recompile pc=0x000000000248e50c method=java.util.Properties$LineReader.readLine()I @ 62
Event: 1.643 Thread 0x00000000021ce000 Uncommon trap: reason=bimorphic action=maybe_recompile pc=0x000000000248e50c method=java.util.Properties$LineReader.readLine()I @ 62
Event: 1.675 Thread 0x00000000021ce000 Uncommon trap: reason=unreached action=reinterpret pc=0x00000000024791b4 method=java.util.HashMap.get(Ljava/lang/Object;)Ljava/lang/Object; @ 1
Event: 1.715 Thread 0x00000000021ce000 Uncommon trap: reason=unreached action=reinterpret pc=0x00000000024a1228 method=java.lang.reflect.AccessibleObject.setAccessible0(Ljava/lang/reflect/AccessibleObject;Z)V @ 4
Event: 1.715 Thread 0x00000000021ce000 Uncommon trap: reason=unreached action=reinterpret pc=0x00000000024a0f30 method=java.lang.reflect.AccessibleObject.setAccessible0(Ljava/lang/reflect/AccessibleObject;Z)V @ 4
Event: 1.759 Thread 0x00000000021ce000 Uncommon trap: reason=null_check action=make_not_entrant pc=0x00000000024a88c4 method=java.util.LinkedHashMap.get(Ljava/lang/Object;)Ljava/lang/Object; @ 5
Event: 1.849 Thread 0x00000000021ce000 Uncommon trap: reason=predicate action=maybe_recompile pc=0x000000000249eefc method=java.util.Arrays.fill([Ljava/lang/Object;Ljava/lang/Object;)V @ 10

Internal exceptions (10 events):
Event: 1.797 Thread 0x00000000021ce000 Threw 0x00000000f6443080 at C:\re\jdk7u65\1313\hotspot\src\share\vm\prims\jvm.cpp:1244
Event: 1.797 Thread 0x00000000021ce000 Threw 0x00000000f6443898 at C:\re\jdk7u65\1313\hotspot\src\share\vm\prims\jvm.cpp:1244
Event: 1.797 Thread 0x00000000021ce000 Threw 0x00000000f6446c48 at C:\re\jdk7u65\1313\hotspot\src\share\vm\prims\jvm.cpp:1244
Event: 1.797 Thread 0x00000000021ce000 Threw 0x00000000f6447440 at C:\re\jdk7u65\1313\hotspot\src\share\vm\prims\jvm.cpp:1244
Event: 1.797 Thread 0x00000000021ce000 Threw 0x00000000f644bb58 at C:\re\jdk7u65\1313\hotspot\src\share\vm\prims\jvm.cpp:1244
Event: 1.798 Thread 0x00000000021ce000 Threw 0x00000000f644c370 at C:\re\jdk7u65\1313\hotspot\src\share\vm\prims\jvm.cpp:1244
Event: 1.798 Thread 0x00000000021ce000 Threw 0x00000000f644fef8 at C:\re\jdk7u65\1313\hotspot\src\share\vm\prims\jvm.cpp:1244
Event: 1.798 Thread 0x00000000021ce000 Threw 0x00000000f6450740 at C:\re\jdk7u65\1313\hotspot\src\share\vm\prims\jvm.cpp:1244
Event: 1.799 Thread 0x00000000021ce000 Threw 0x00000000f64553a0 at C:\re\jdk7u65\1313\hotspot\src\share\vm\prims\jvm.cpp:1244
Event: 1.799 Thread 0x00000000021ce000 Threw 0x00000000f6455bd0 at C:\re\jdk7u65\1313\hotspot\src\share\vm\prims\jvm.cpp:1244

Events (10 events):
Event: 1.798 loading class 0x00000000098b0e70
Event: 1.798 loading class 0x00000000098b0e70 done
Event: 1.798 loading class 0x00000000098b0e70
Event: 1.798 loading class 0x00000000098b0e70 done
Event: 1.798 loading class 0x00000000098b0e70
Event: 1.798 loading class 0x00000000098b0e70 done
Event: 1.849 Thread 0x00000000021ce000 Uncommon trap: trap_request=0xffffff86 fr.pc=0x000000000249eefc
Event: 1.849 Thread 0x00000000021ce000 DEOPT PACKING pc=0x000000000249eefc sp=0x00000000023dcee0
Event: 1.849 Thread 0x00000000021ce000 DEOPT UNPACKING pc=0x0000000002419064 sp=0x00000000023dce80 mode 2
Event: 1.878 Executing VM operation: ParallelGCSystemGC


Dynamic libraries:
0x000000013fe90000 - 0x000000013fec3000 	C:\Program Files\Java\jdk1.7.0_65\bin\java.exe
0x00000000770d0000 - 0x000000007727b000 	C:\Windows\SYSTEM32\ntdll.dll
0x0000000076fb0000 - 0x00000000770cf000 	C:\Windows\system32\kernel32.dll
0x000007fefd350000 - 0x000007fefd3bb000 	C:\Windows\system32\KERNELBASE.dll
0x000007feff270000 - 0x000007feff34b000 	C:\Windows\system32\ADVAPI32.dll
0x000007fefde30000 - 0x000007fefdecf000 	C:\Windows\system32\msvcrt.dll
0x000007fefd730000 - 0x000007fefd74f000 	C:\Windows\SYSTEM32\sechost.dll
0x000007fefd850000 - 0x000007fefd97e000 	C:\Windows\system32\RPCRT4.dll
0x0000000076eb0000 - 0x0000000076faa000 	C:\Windows\system32\USER32.dll
0x000007feff350000 - 0x000007feff3b7000 	C:\Windows\system32\GDI32.dll
0x000007fefdbe0000 - 0x000007fefdbee000 	C:\Windows\system32\LPK.dll
0x000007fefe180000 - 0x000007fefe24a000 	C:\Windows\system32\USP10.dll
0x000007fefbad0000 - 0x000007fefbcc4000 	C:\Windows\WinSxS\amd64_microsoft.windows.common-controls_6595b64144ccf1df_6.0.7600.16385_none_fa645303170382f6\COMCTL32.dll
0x000007fefd750000 - 0x000007fefd7c1000 	C:\Windows\system32\SHLWAPI.dll
0x000007feff240000 - 0x000007feff26e000 	C:\Windows\system32\IMM32.DLL
0x000007fefd400000 - 0x000007fefd509000 	C:\Windows\system32\MSCTF.dll
0x0000000070930000 - 0x0000000070a02000 	C:\Program Files\Java\jdk1.7.0_65\jre\bin\msvcr100.dll
0x0000000069f60000 - 0x000000006a732000 	C:\Program Files\Java\jdk1.7.0_65\jre\bin\server\jvm.dll
0x000007feed9e0000 - 0x000007feed9e9000 	C:\Windows\system32\WSOCK32.dll
0x000007feff1f0000 - 0x000007feff23d000 	C:\Windows\system32\WS2_32.dll
0x000007fefdbf0000 - 0x000007fefdbf8000 	C:\Windows\system32\NSI.dll
0x000007fef9fa0000 - 0x000007fef9fdb000 	C:\Windows\system32\WINMM.dll
0x00000000772a0000 - 0x00000000772a7000 	C:\Windows\system32\PSAPI.DLL
0x0000000072e20000 - 0x0000000072e2f000 	C:\Program Files\Java\jdk1.7.0_65\jre\bin\verify.dll
0x0000000072950000 - 0x0000000072978000 	C:\Program Files\Java\jdk1.7.0_65\jre\bin\java.dll
0x0000000072dc0000 - 0x0000000072dd5000 	C:\Program Files\Java\jdk1.7.0_65\jre\bin\zip.dll
0x000007fefacf0000 - 0x000007fefad00000 	C:\Program Files (x86)\JetBrains\IntelliJ IDEA 13.1.3\bin\breakgen64.dll
0x0000000072da0000 - 0x0000000072db9000 	C:\Program Files\Java\jdk1.7.0_65\jre\bin\net.dll
0x000007fefc860000 - 0x000007fefc8b4000 	C:\Windows\system32\mswsock.dll
0x000007fefc850000 - 0x000007fefc857000 	C:\Windows\System32\wship6.dll
0x0000000072930000 - 0x0000000072941000 	C:\Program Files\Java\jdk1.7.0_65\jre\bin\nio.dll
0x000007feeba40000 - 0x000007feebb65000 	C:\Windows\system32\dbghelp.dll

VM Arguments:
jvm_args: -Xms256m -Xmx512m -Dmaven.home=C:\Users\nguyennd\Downloads\apache-maven-3.2.2-bin\apache-maven-3.2.2 -Dclassworlds.conf=C:\Users\nguyennd\Downloads\apache-maven-3.2.2-bin\apache-maven-3.2.2\bin\m2.conf -Didea.launcher.port=7536 -Didea.launcher.bin.path=C:\Program Files (x86)\JetBrains\IntelliJ IDEA 13.1.3\bin -Dfile.encoding=UTF-8 
java_command: com.intellij.rt.execution.application.AppMain org.codehaus.classworlds.Launcher -Didea.version=13.1.3 -DskipTests=true clean
Launcher Type: SUN_STANDARD

Environment Variables:
JAVA_HOME=C:\Program Files\Java\jdk1.7.0_65
PATH=C:\Windows\system32;C:\Windows;C:\Windows\System32\Wbem;C:\Windows\System32\WindowsPowerShell\v1.0\;E:\xampp\php\;C:\Python27;C:\Python27\Scripts;C:\cygwin64\bin;C:\OpenSSL-Win64\bin;C:\Program Files\cURL\bin;C:\Program Files\Java\jdk1.7.0_65\bin;C:\Users\nguyennd\Downloads\apache-maven-3.2.2-bin\apache-maven-3.2.2\bin;C:\Program Files\TortoiseGit\bin
USERNAME=nguyennd
OS=Windows_NT
PROCESSOR_IDENTIFIER=Intel64 Family 6 Model 23 Stepping 10, GenuineIntel



---------------  S Y S T E M  ---------------

OS: Windows 7 , 64 bit Build 7600 

CPU:total 2 (2 cores per cpu, 1 threads per core) family 6 model 23 stepping 10, cmov, cx8, fxsr, mmx, sse, sse2, sse3, ssse3, sse4.1, tsc

Memory: 4k page, physical 8352888k(4964088k free), swap 16703880k(12039596k free)

vm_info: Java HotSpot(TM) 64-Bit Server VM (24.65-b04) for windows-amd64 JRE (1.7.0_65-b19), built on Jul  9 2014 17:47:07 by "java_re" with unknown MS VC++:1600

time: Thu Jul 17 16:52:35 2014
elapsed time: 1 seconds

